# 统一诊断日志 - 2025-12-29 14:54:26


======================================================================
  统一诊断工具 v2.1 - 系统调优模式
======================================================================

阶段1: 话题监控 (300.0秒)

  [提示] 此阶段仅被动监听话题，如需测试底盘能力请使用 --test-chassis
  [OK] 订阅 /odom
  [OK] 订阅 /imu
  [OK] 订阅 /nn/local_trajectory

  收集数据 300.0 秒...

阶段4: 计算推荐配置


======================================================================
  诊断结果
======================================================================

传感器状态:
  [OK] odom: 49.9 Hz, 延迟: 0.3ms, 抖动: 0.6ms
  [NO DATA] imu: 0.0 Hz, 延迟: 0.0ms, 抖动: 0.0ms
  [OK] trajectory: 10.2 Hz, 延迟: 0.2ms, 抖动: 3.9ms

轨迹特性:
  点数: 8
  时间步长: 0.10000000149011612 sec
  包含速度: 否
  坐标系: base_link
  长度: 2.45 m
  最大曲率: 0.39 1/m

底盘特性 (阶段1被动监听，仅供参考):
  [提示] 监听期间机器人未移动，数据为0是正常的
  最大速度: 0.00 m/s
  最大vx: 0.00 m/s
  最大wz: 0.01 rad/s
  最大加速度: 0.00 m/s^2
  最大角加速度: 0.31 rad/s^2

推荐参数:
  控制频率: 20 Hz
  MPC horizon: 7
  MPC dt: 0.10000000149011612 sec
  v_max: 0.4 m/s
  omega_max: 0.0 rad/s
  a_max: 0.4 m/s^2
  Odom timeout: 60 ms
  Traj timeout: 196 ms
  Lookahead: 0.3 m

优化建议:
  [WARN] 里程计频率较低，控制频率受限
  [WARN] 轨迹无速度信息，alpha检查禁用

生成配置文件: /home/oamr/moshi/day1.yaml
  [OK] 配置已保存到: /home/oamr/moshi/day1.yaml

使用方法:
  roslaunch controller_ros controller.launch config:=$(pwd)//home/oamr/moshi/day1.yaml
